[2026-06-16T15:12:38.736+0000] {local_task_job_runner.py:120} INFO - ::group::Pre task execution logs
[2026-06-16T15:12:38.783+0000] {taskinstance.py:2073} INFO - Dependencies all met for dep_context=non-requeueable deps ti=<TaskInstance: mandera_batch_pipeline.extract_to_postgres manual__2026-06-16T15:12:30.404996+00:00 [queued]>
[2026-06-16T15:12:38.796+0000] {taskinstance.py:2073} INFO - Dependencies all met for dep_context=requeueable deps ti=<TaskInstance: mandera_batch_pipeline.extract_to_postgres manual__2026-06-16T15:12:30.404996+00:00 [queued]>
[2026-06-16T15:12:38.797+0000] {taskinstance.py:2303} INFO - Starting attempt 1 of 2
[2026-06-16T15:12:38.823+0000] {taskinstance.py:2327} INFO - Executing <Task(PythonOperator): extract_to_postgres> on 2026-06-16 15:12:30.404996+00:00
[2026-06-16T15:12:38.838+0000] {standard_task_runner.py:90} INFO - Running: ['airflow', 'tasks', 'run', 'mandera_batch_pipeline', 'extract_to_postgres', 'manual__2026-06-16T15:12:30.404996+00:00', '--job-id', '5', '--raw', '--subdir', 'DAGS_FOLDER/mandera_pipeline.py', '--cfg-path', '/tmp/tmpemhzrky0']
[2026-06-16T15:12:38.844+0000] {standard_task_runner.py:91} INFO - Job 5: Subtask extract_to_postgres
[2026-06-16T15:12:38.846+0000] {logging_mixin.py:188} WARNING - /home/airflow/.local/lib/python3.12/site-packages/airflow/task/task_runner/standard_task_runner.py:61 DeprecationWarning: This process (pid=282) is multi-threaded, use of fork() may lead to deadlocks in the child.
[2026-06-16T15:12:38.849+0000] {standard_task_runner.py:63} INFO - Started process 283 to run task
[2026-06-16T15:12:38.944+0000] {task_command.py:426} INFO - Running <TaskInstance: mandera_batch_pipeline.extract_to_postgres manual__2026-06-16T15:12:30.404996+00:00 [running]> on host b91208fdc977
[2026-06-16T15:12:39.114+0000] {taskinstance.py:2644} INFO - Exporting env vars: AIRFLOW_CTX_DAG_OWNER='mandera' AIRFLOW_CTX_DAG_ID='mandera_batch_pipeline' AIRFLOW_CTX_TASK_ID='extract_to_postgres' AIRFLOW_CTX_EXECUTION_DATE='2026-06-16T15:12:30.404996+00:00' AIRFLOW_CTX_TRY_NUMBER='1' AIRFLOW_CTX_DAG_RUN_ID='manual__2026-06-16T15:12:30.404996+00:00'
[2026-06-16T15:12:39.116+0000] {taskinstance.py:430} INFO - ::endgroup::
[2026-06-16T15:12:39.153+0000] {logging_mixin.py:188} INFO - Starting extraction: MongoDB -> PostgreSQL
[2026-06-16T15:12:40.644+0000] {logging_mixin.py:188} INFO - Extracted 200 records from MongoDB
[2026-06-16T15:12:40.731+0000] {logging_mixin.py:188} INFO - Inserted 200 records into raw_transactions
[2026-06-16T15:12:40.734+0000] {logging_mixin.py:188} INFO - Batch log updated:
[2026-06-16T15:12:40.735+0000] {logging_mixin.py:188} INFO -   Batch ID: BATCH_20260616_131306
[2026-06-16T15:12:40.735+0000] {logging_mixin.py:188} INFO -   Row count: 200
[2026-06-16T15:12:40.736+0000] {logging_mixin.py:188} INFO -   Expected: 100
[2026-06-16T15:12:40.737+0000] {logging_mixin.py:188} INFO -   Variance: 100
[2026-06-16T15:12:40.737+0000] {logging_mixin.py:188} INFO -   Status: VARIANCE DETECTED
[2026-06-16T15:12:40.738+0000] {logging_mixin.py:188} INFO - Extraction complete - 200 records in raw_transactions
[2026-06-16T15:12:40.739+0000] {python.py:237} INFO - Done. Returned value was: 200
[2026-06-16T15:12:40.739+0000] {taskinstance.py:441} INFO - ::group::Post task execution logs
[2026-06-16T15:12:40.775+0000] {taskinstance.py:1205} INFO - Marking task as SUCCESS. dag_id=mandera_batch_pipeline, task_id=extract_to_postgres, execution_date=20260616T151230, start_date=20260616T151238, end_date=20260616T151240
[2026-06-16T15:12:40.842+0000] {local_task_job_runner.py:240} INFO - Task exited with return code 0
[2026-06-16T15:12:40.889+0000] {taskinstance.py:3482} INFO - 1 downstream tasks scheduled from follow-on schedule check
[2026-06-16T15:12:40.898+0000] {local_task_job_runner.py:222} INFO - ::endgroup::
