[2026-06-16T15:12:35.447+0000] {local_task_job_runner.py:120} INFO - ::group::Pre task execution logs
[2026-06-16T15:12:35.507+0000] {taskinstance.py:2073} INFO - Dependencies all met for dep_context=non-requeueable deps ti=<TaskInstance: mandera_batch_pipeline.extract_to_minio manual__2026-06-16T15:12:30.404996+00:00 [queued]>
[2026-06-16T15:12:35.532+0000] {taskinstance.py:2073} INFO - Dependencies all met for dep_context=requeueable deps ti=<TaskInstance: mandera_batch_pipeline.extract_to_minio manual__2026-06-16T15:12:30.404996+00:00 [queued]>
[2026-06-16T15:12:35.534+0000] {taskinstance.py:2303} INFO - Starting attempt 1 of 2
[2026-06-16T15:12:35.566+0000] {taskinstance.py:2327} INFO - Executing <Task(PythonOperator): extract_to_minio> on 2026-06-16 15:12:30.404996+00:00
[2026-06-16T15:12:35.579+0000] {standard_task_runner.py:90} INFO - Running: ['airflow', 'tasks', 'run', 'mandera_batch_pipeline', 'extract_to_minio', 'manual__2026-06-16T15:12:30.404996+00:00', '--job-id', '4', '--raw', '--subdir', 'DAGS_FOLDER/mandera_pipeline.py', '--cfg-path', '/tmp/tmpkfzvyamj']
[2026-06-16T15:12:35.585+0000] {standard_task_runner.py:91} INFO - Job 4: Subtask extract_to_minio
[2026-06-16T15:12:35.592+0000] {logging_mixin.py:188} WARNING - /home/airflow/.local/lib/python3.12/site-packages/airflow/task/task_runner/standard_task_runner.py:61 DeprecationWarning: This process (pid=268) is multi-threaded, use of fork() may lead to deadlocks in the child.
[2026-06-16T15:12:35.594+0000] {standard_task_runner.py:63} INFO - Started process 269 to run task
[2026-06-16T15:12:35.705+0000] {task_command.py:426} INFO - Running <TaskInstance: mandera_batch_pipeline.extract_to_minio manual__2026-06-16T15:12:30.404996+00:00 [running]> on host b91208fdc977
[2026-06-16T15:12:35.910+0000] {taskinstance.py:2644} INFO - Exporting env vars: AIRFLOW_CTX_DAG_OWNER='mandera' AIRFLOW_CTX_DAG_ID='mandera_batch_pipeline' AIRFLOW_CTX_TASK_ID='extract_to_minio' AIRFLOW_CTX_EXECUTION_DATE='2026-06-16T15:12:30.404996+00:00' AIRFLOW_CTX_TRY_NUMBER='1' AIRFLOW_CTX_DAG_RUN_ID='manual__2026-06-16T15:12:30.404996+00:00'
[2026-06-16T15:12:35.913+0000] {taskinstance.py:430} INFO - ::endgroup::
[2026-06-16T15:12:35.941+0000] {logging_mixin.py:188} INFO - Starting extraction: MongoDB -> MinIO
[2026-06-16T15:12:37.482+0000] {logging_mixin.py:188} INFO - Extracted 200 records from MongoDB
[2026-06-16T15:12:37.686+0000] {logging_mixin.py:188} INFO - Uploaded to MinIO: s3://mandera-raw/year=2026/month=06/day=16/BATCH_20260616_131306.json
[2026-06-16T15:12:37.686+0000] {logging_mixin.py:188} INFO - Records in file: 200
[2026-06-16T15:12:37.687+0000] {logging_mixin.py:188} INFO - Extraction complete - 200 records saved
[2026-06-16T15:12:37.688+0000] {python.py:237} INFO - Done. Returned value was: year=2026/month=06/day=16/BATCH_20260616_131306.json
[2026-06-16T15:12:37.688+0000] {taskinstance.py:441} INFO - ::group::Post task execution logs
[2026-06-16T15:12:37.747+0000] {taskinstance.py:1205} INFO - Marking task as SUCCESS. dag_id=mandera_batch_pipeline, task_id=extract_to_minio, execution_date=20260616T151230, start_date=20260616T151235, end_date=20260616T151237
[2026-06-16T15:12:37.791+0000] {local_task_job_runner.py:240} INFO - Task exited with return code 0
[2026-06-16T15:12:37.849+0000] {taskinstance.py:3482} INFO - 1 downstream tasks scheduled from follow-on schedule check
[2026-06-16T15:12:37.858+0000] {local_task_job_runner.py:222} INFO - ::endgroup::
