[2026-06-16T15:13:00.781+0000] {local_task_job_runner.py:120} INFO - ::group::Pre task execution logs
[2026-06-16T15:13:00.827+0000] {taskinstance.py:2073} INFO - Dependencies all met for dep_context=non-requeueable deps ti=<TaskInstance: mandera_batch_pipeline.extract_to_minio manual__2026-06-16T15:12:56.021633+00:00 [queued]>
[2026-06-16T15:13:00.840+0000] {taskinstance.py:2073} INFO - Dependencies all met for dep_context=requeueable deps ti=<TaskInstance: mandera_batch_pipeline.extract_to_minio manual__2026-06-16T15:12:56.021633+00:00 [queued]>
[2026-06-16T15:13:00.840+0000] {taskinstance.py:2303} INFO - Starting attempt 1 of 2
[2026-06-16T15:13:00.865+0000] {taskinstance.py:2327} INFO - Executing <Task(PythonOperator): extract_to_minio> on 2026-06-16 15:12:56.021633+00:00
[2026-06-16T15:13:00.873+0000] {standard_task_runner.py:90} INFO - Running: ['airflow', 'tasks', 'run', 'mandera_batch_pipeline', 'extract_to_minio', 'manual__2026-06-16T15:12:56.021633+00:00', '--job-id', '8', '--raw', '--subdir', 'DAGS_FOLDER/mandera_pipeline.py', '--cfg-path', '/tmp/tmpq_kmav5n']
[2026-06-16T15:13:00.877+0000] {standard_task_runner.py:91} INFO - Job 8: Subtask extract_to_minio
[2026-06-16T15:13:00.877+0000] {logging_mixin.py:188} WARNING - /home/airflow/.local/lib/python3.12/site-packages/airflow/task/task_runner/standard_task_runner.py:61 DeprecationWarning: This process (pid=302) is multi-threaded, use of fork() may lead to deadlocks in the child.
[2026-06-16T15:13:00.880+0000] {standard_task_runner.py:63} INFO - Started process 303 to run task
[2026-06-16T15:13:00.957+0000] {task_command.py:426} INFO - Running <TaskInstance: mandera_batch_pipeline.extract_to_minio manual__2026-06-16T15:12:56.021633+00:00 [running]> on host b91208fdc977
[2026-06-16T15:13:01.088+0000] {taskinstance.py:2644} INFO - Exporting env vars: AIRFLOW_CTX_DAG_OWNER='mandera' AIRFLOW_CTX_DAG_ID='mandera_batch_pipeline' AIRFLOW_CTX_TASK_ID='extract_to_minio' AIRFLOW_CTX_EXECUTION_DATE='2026-06-16T15:12:56.021633+00:00' AIRFLOW_CTX_TRY_NUMBER='1' AIRFLOW_CTX_DAG_RUN_ID='manual__2026-06-16T15:12:56.021633+00:00'
[2026-06-16T15:13:01.089+0000] {taskinstance.py:430} INFO - ::endgroup::
[2026-06-16T15:13:01.111+0000] {logging_mixin.py:188} INFO - Starting extraction: MongoDB -> MinIO
[2026-06-16T15:13:02.888+0000] {logging_mixin.py:188} INFO - Extracted 300 records from MongoDB
[2026-06-16T15:13:03.084+0000] {logging_mixin.py:188} INFO - Uploaded to MinIO: s3://mandera-raw/year=2026/month=06/day=16/BATCH_20260616_131306.json
[2026-06-16T15:13:03.085+0000] {logging_mixin.py:188} INFO - Records in file: 300
[2026-06-16T15:13:03.086+0000] {logging_mixin.py:188} INFO - Extraction complete - 300 records saved
[2026-06-16T15:13:03.087+0000] {python.py:237} INFO - Done. Returned value was: year=2026/month=06/day=16/BATCH_20260616_131306.json
[2026-06-16T15:13:03.088+0000] {taskinstance.py:441} INFO - ::group::Post task execution logs
[2026-06-16T15:13:03.123+0000] {taskinstance.py:1205} INFO - Marking task as SUCCESS. dag_id=mandera_batch_pipeline, task_id=extract_to_minio, execution_date=20260616T151256, start_date=20260616T151300, end_date=20260616T151303
[2026-06-16T15:13:03.155+0000] {local_task_job_runner.py:240} INFO - Task exited with return code 0
[2026-06-16T15:13:03.209+0000] {taskinstance.py:3482} INFO - 1 downstream tasks scheduled from follow-on schedule check
[2026-06-16T15:13:03.218+0000] {local_task_job_runner.py:222} INFO - ::endgroup::
