[2026-06-16T15:13:04.571+0000] {local_task_job_runner.py:120} INFO - ::group::Pre task execution logs
[2026-06-16T15:13:04.622+0000] {taskinstance.py:2073} INFO - Dependencies all met for dep_context=non-requeueable deps ti=<TaskInstance: mandera_batch_pipeline.extract_to_postgres manual__2026-06-16T15:12:56.021633+00:00 [queued]>
[2026-06-16T15:13:04.633+0000] {taskinstance.py:2073} INFO - Dependencies all met for dep_context=requeueable deps ti=<TaskInstance: mandera_batch_pipeline.extract_to_postgres manual__2026-06-16T15:12:56.021633+00:00 [queued]>
[2026-06-16T15:13:04.634+0000] {taskinstance.py:2303} INFO - Starting attempt 1 of 2
[2026-06-16T15:13:04.655+0000] {taskinstance.py:2327} INFO - Executing <Task(PythonOperator): extract_to_postgres> on 2026-06-16 15:12:56.021633+00:00
[2026-06-16T15:13:04.672+0000] {standard_task_runner.py:90} INFO - Running: ['airflow', 'tasks', 'run', 'mandera_batch_pipeline', 'extract_to_postgres', 'manual__2026-06-16T15:12:56.021633+00:00', '--job-id', '9', '--raw', '--subdir', 'DAGS_FOLDER/mandera_pipeline.py', '--cfg-path', '/tmp/tmpzd1w_eru']
[2026-06-16T15:13:04.678+0000] {standard_task_runner.py:91} INFO - Job 9: Subtask extract_to_postgres
[2026-06-16T15:13:04.680+0000] {logging_mixin.py:188} WARNING - /home/airflow/.local/lib/python3.12/site-packages/airflow/task/task_runner/standard_task_runner.py:61 DeprecationWarning: This process (pid=311) is multi-threaded, use of fork() may lead to deadlocks in the child.
[2026-06-16T15:13:04.681+0000] {standard_task_runner.py:63} INFO - Started process 312 to run task
[2026-06-16T15:13:04.784+0000] {task_command.py:426} INFO - Running <TaskInstance: mandera_batch_pipeline.extract_to_postgres manual__2026-06-16T15:12:56.021633+00:00 [running]> on host b91208fdc977
[2026-06-16T15:13:04.929+0000] {taskinstance.py:2644} INFO - Exporting env vars: AIRFLOW_CTX_DAG_OWNER='mandera' AIRFLOW_CTX_DAG_ID='mandera_batch_pipeline' AIRFLOW_CTX_TASK_ID='extract_to_postgres' AIRFLOW_CTX_EXECUTION_DATE='2026-06-16T15:12:56.021633+00:00' AIRFLOW_CTX_TRY_NUMBER='1' AIRFLOW_CTX_DAG_RUN_ID='manual__2026-06-16T15:12:56.021633+00:00'
[2026-06-16T15:13:04.931+0000] {taskinstance.py:430} INFO - ::endgroup::
[2026-06-16T15:13:04.947+0000] {logging_mixin.py:188} INFO - Starting extraction: MongoDB -> PostgreSQL
[2026-06-16T15:13:06.758+0000] {logging_mixin.py:188} INFO - Extracted 300 records from MongoDB
[2026-06-16T15:13:06.898+0000] {logging_mixin.py:188} INFO - Inserted 300 records into raw_transactions
[2026-06-16T15:13:06.903+0000] {logging_mixin.py:188} INFO - Batch log updated:
[2026-06-16T15:13:06.904+0000] {logging_mixin.py:188} INFO -   Batch ID: BATCH_20260616_131306
[2026-06-16T15:13:06.905+0000] {logging_mixin.py:188} INFO -   Row count: 300
[2026-06-16T15:13:06.906+0000] {logging_mixin.py:188} INFO -   Expected: 100
[2026-06-16T15:13:06.906+0000] {logging_mixin.py:188} INFO -   Variance: 200
[2026-06-16T15:13:06.906+0000] {logging_mixin.py:188} INFO -   Status: VARIANCE DETECTED
[2026-06-16T15:13:06.907+0000] {logging_mixin.py:188} INFO - Extraction complete - 300 records in raw_transactions
[2026-06-16T15:13:06.908+0000] {python.py:237} INFO - Done. Returned value was: 300
[2026-06-16T15:13:06.908+0000] {taskinstance.py:441} INFO - ::group::Post task execution logs
[2026-06-16T15:13:06.964+0000] {taskinstance.py:1205} INFO - Marking task as SUCCESS. dag_id=mandera_batch_pipeline, task_id=extract_to_postgres, execution_date=20260616T151256, start_date=20260616T151304, end_date=20260616T151306
[2026-06-16T15:13:07.040+0000] {local_task_job_runner.py:240} INFO - Task exited with return code 0
[2026-06-16T15:13:07.099+0000] {taskinstance.py:3482} INFO - 1 downstream tasks scheduled from follow-on schedule check
[2026-06-16T15:13:07.108+0000] {local_task_job_runner.py:222} INFO - ::endgroup::
