[2026-06-16T15:00:39.835+0000] {manager.py:470} INFO - Processing files using up to 2 processes at a time 
[2026-06-16T15:00:39.837+0000] {manager.py:471} INFO - Process each file at most once every 30 seconds
[2026-06-16T15:00:39.837+0000] {manager.py:472} INFO - Checking for new files in /opt/airflow/dags every 300 seconds
[2026-06-16T15:00:39.838+0000] {manager.py:737} INFO - Searching for files in /opt/airflow/dags
[2026-06-16T15:00:39.840+0000] {manager.py:740} INFO - There are 0 files in /opt/airflow/dags
[2026-06-16T15:05:39.998+0000] {manager.py:737} INFO - Searching for files in /opt/airflow/dags
[2026-06-16T15:05:40.001+0000] {manager.py:740} INFO - There are 1 files in /opt/airflow/dags
[2026-06-16T15:05:42.065+0000] {manager.py:878} INFO - 
================================================================================
DAG File Processing Stats

File Path                              PID    Runtime      # DAGs    # Errors  Last Runtime    Last Run
-------------------------------------  -----  ---------  --------  ----------  --------------  -------------------
/opt/airflow/dags/mandera_pipeline.py                           1           0  1.75s           2026-06-16T15:05:41
================================================================================
[2026-06-16T15:06:12.277+0000] {manager.py:878} INFO - 
================================================================================
DAG File Processing Stats

File Path                                PID  Runtime      # DAGs    # Errors  Last Runtime    Last Run
-------------------------------------  -----  ---------  --------  ----------  --------------  -------------------
/opt/airflow/dags/mandera_pipeline.py    194  0.27s             1           0  1.75s           2026-06-16T15:05:41
================================================================================
[2026-06-16T15:06:42.492+0000] {manager.py:878} INFO - 
================================================================================
DAG File Processing Stats

File Path                              PID    Runtime      # DAGs    # Errors  Last Runtime    Last Run
-------------------------------------  -----  ---------  --------  ----------  --------------  -------------------
/opt/airflow/dags/mandera_pipeline.py                           1           0  0.49s           2026-06-16T15:06:12
================================================================================
[2026-06-16T15:06:51.538+0000] {manager.py:452} INFO - Exiting gracefully upon receiving signal 15
[2026-06-16T15:08:01.200+0000] {manager.py:470} INFO - Processing files using up to 2 processes at a time 
[2026-06-16T15:08:01.201+0000] {manager.py:471} INFO - Process each file at most once every 30 seconds
[2026-06-16T15:08:01.202+0000] {manager.py:472} INFO - Checking for new files in /opt/airflow/dags every 300 seconds
[2026-06-16T15:08:01.202+0000] {manager.py:737} INFO - Searching for files in /opt/airflow/dags
[2026-06-16T15:08:01.205+0000] {manager.py:740} INFO - There are 1 files in /opt/airflow/dags
[2026-06-16T15:08:01.319+0000] {manager.py:878} INFO - 
================================================================================
DAG File Processing Stats

File Path                                PID  Runtime      # DAGs    # Errors  Last Runtime    Last Run
-------------------------------------  -----  ---------  --------  ----------  --------------  ----------
/opt/airflow/dags/mandera_pipeline.py    181  0.05s             0           0
================================================================================
[2026-06-16T15:08:31.498+0000] {manager.py:878} INFO - 
================================================================================
DAG File Processing Stats

File Path                                PID  Runtime      # DAGs    # Errors  Last Runtime    Last Run
-------------------------------------  -----  ---------  --------  ----------  --------------  -------------------
/opt/airflow/dags/mandera_pipeline.py    208  0.01s             0           1  0.08s           2026-06-16T15:08:01
================================================================================
[2026-06-16T15:09:01.697+0000] {manager.py:878} INFO - 
================================================================================
DAG File Processing Stats

File Path                              PID    Runtime      # DAGs    # Errors  Last Runtime    Last Run
-------------------------------------  -----  ---------  --------  ----------  --------------  -------------------
/opt/airflow/dags/mandera_pipeline.py                           1           0  0.48s           2026-06-16T15:08:31
================================================================================
[2026-06-16T15:09:31.913+0000] {manager.py:878} INFO - 
================================================================================
DAG File Processing Stats

File Path                              PID    Runtime      # DAGs    # Errors  Last Runtime    Last Run
-------------------------------------  -----  ---------  --------  ----------  --------------  -------------------
/opt/airflow/dags/mandera_pipeline.py                           1           0  0.57s           2026-06-16T15:09:02
================================================================================
[2026-06-16T15:10:02.143+0000] {manager.py:878} INFO - 
================================================================================
DAG File Processing Stats

File Path                              PID    Runtime      # DAGs    # Errors  Last Runtime    Last Run
-------------------------------------  -----  ---------  --------  ----------  --------------  -------------------
/opt/airflow/dags/mandera_pipeline.py                           1           0  0.42s           2026-06-16T15:09:33
================================================================================
[2026-06-16T15:10:32.244+0000] {manager.py:878} INFO - 
================================================================================
DAG File Processing Stats

File Path                              PID    Runtime      # DAGs    # Errors  Last Runtime    Last Run
-------------------------------------  -----  ---------  --------  ----------  --------------  -------------------
/opt/airflow/dags/mandera_pipeline.py                           1           0  0.51s           2026-06-16T15:10:04
================================================================================
[2026-06-16T15:11:02.960+0000] {manager.py:878} INFO - 
================================================================================
DAG File Processing Stats

File Path                              PID    Runtime      # DAGs    # Errors  Last Runtime    Last Run
-------------------------------------  -----  ---------  --------  ----------  --------------  -------------------
/opt/airflow/dags/mandera_pipeline.py                           1           0  0.51s           2026-06-16T15:10:34
================================================================================
[2026-06-16T15:11:33.175+0000] {manager.py:878} INFO - 
================================================================================
DAG File Processing Stats

File Path                              PID    Runtime      # DAGs    # Errors  Last Runtime    Last Run
-------------------------------------  -----  ---------  --------  ----------  --------------  -------------------
/opt/airflow/dags/mandera_pipeline.py                           1           0  0.51s           2026-06-16T15:11:05
================================================================================
[2026-06-16T15:12:03.385+0000] {manager.py:878} INFO - 
================================================================================
DAG File Processing Stats

File Path                              PID    Runtime      # DAGs    # Errors  Last Runtime    Last Run
-------------------------------------  -----  ---------  --------  ----------  --------------  -------------------
/opt/airflow/dags/mandera_pipeline.py                           1           0  0.49s           2026-06-16T15:11:36
================================================================================
[2026-06-16T15:12:34.092+0000] {manager.py:878} INFO - 
================================================================================
DAG File Processing Stats

File Path                              PID    Runtime      # DAGs    # Errors  Last Runtime    Last Run
-------------------------------------  -----  ---------  --------  ----------  --------------  -------------------
/opt/airflow/dags/mandera_pipeline.py                           1           0  0.51s           2026-06-16T15:12:06
================================================================================
[2026-06-16T15:13:01.281+0000] {manager.py:737} INFO - Searching for files in /opt/airflow/dags
[2026-06-16T15:13:01.288+0000] {manager.py:740} INFO - There are 1 files in /opt/airflow/dags
[2026-06-16T15:13:04.320+0000] {manager.py:878} INFO - 
================================================================================
DAG File Processing Stats

File Path                              PID    Runtime      # DAGs    # Errors  Last Runtime    Last Run
-------------------------------------  -----  ---------  --------  ----------  --------------  -------------------
/opt/airflow/dags/mandera_pipeline.py                           1           0  0.50s           2026-06-16T15:12:37
================================================================================
[2026-06-16T15:13:34.551+0000] {manager.py:878} INFO - 
================================================================================
DAG File Processing Stats

File Path                              PID    Runtime      # DAGs    # Errors  Last Runtime    Last Run
-------------------------------------  -----  ---------  --------  ----------  --------------  -------------------
/opt/airflow/dags/mandera_pipeline.py                           1           0  0.65s           2026-06-16T15:13:08
================================================================================
[2026-06-16T15:14:04.806+0000] {manager.py:878} INFO - 
================================================================================
DAG File Processing Stats

File Path                              PID    Runtime      # DAGs    # Errors  Last Runtime    Last Run
-------------------------------------  -----  ---------  --------  ----------  --------------  -------------------
/opt/airflow/dags/mandera_pipeline.py                           1           0  0.52s           2026-06-16T15:13:39
================================================================================
[2026-06-16T15:14:34.929+0000] {manager.py:878} INFO - 
================================================================================
DAG File Processing Stats

File Path                              PID    Runtime      # DAGs    # Errors  Last Runtime    Last Run
-------------------------------------  -----  ---------  --------  ----------  --------------  -------------------
/opt/airflow/dags/mandera_pipeline.py                           1           0  0.46s           2026-06-16T15:14:09
================================================================================
[2026-06-16T15:15:05.689+0000] {manager.py:878} INFO - 
================================================================================
DAG File Processing Stats

File Path                              PID    Runtime      # DAGs    # Errors  Last Runtime    Last Run
-------------------------------------  -----  ---------  --------  ----------  --------------  -------------------
/opt/airflow/dags/mandera_pipeline.py                           1           0  0.71s           2026-06-16T15:14:40
================================================================================
[2026-06-16T15:15:36.054+0000] {manager.py:878} INFO - 
================================================================================
DAG File Processing Stats

File Path                              PID    Runtime      # DAGs    # Errors  Last Runtime    Last Run
-------------------------------------  -----  ---------  --------  ----------  --------------  -------------------
/opt/airflow/dags/mandera_pipeline.py                           1           0  0.47s           2026-06-16T15:15:11
================================================================================
[2026-06-16T15:16:06.107+0000] {manager.py:878} INFO - 
================================================================================
DAG File Processing Stats

File Path                              PID    Runtime      # DAGs    # Errors  Last Runtime    Last Run
-------------------------------------  -----  ---------  --------  ----------  --------------  -------------------
/opt/airflow/dags/mandera_pipeline.py                           1           0  0.54s           2026-06-16T15:15:41
================================================================================
[2026-06-16T15:16:36.326+0000] {manager.py:878} INFO - 
================================================================================
DAG File Processing Stats

File Path                              PID    Runtime      # DAGs    # Errors  Last Runtime    Last Run
-------------------------------------  -----  ---------  --------  ----------  --------------  -------------------
/opt/airflow/dags/mandera_pipeline.py                           1           0  0.45s           2026-06-16T15:16:12
================================================================================
[2026-06-16T15:17:06.444+0000] {manager.py:878} INFO - 
================================================================================
DAG File Processing Stats

File Path                              PID    Runtime      # DAGs    # Errors  Last Runtime    Last Run
-------------------------------------  -----  ---------  --------  ----------  --------------  -------------------
/opt/airflow/dags/mandera_pipeline.py                           1           0  0.47s           2026-06-16T15:16:43
================================================================================
[2026-06-16T15:17:36.652+0000] {manager.py:878} INFO - 
================================================================================
DAG File Processing Stats

File Path                              PID    Runtime      # DAGs    # Errors  Last Runtime    Last Run
-------------------------------------  -----  ---------  --------  ----------  --------------  -------------------
/opt/airflow/dags/mandera_pipeline.py                           1           0  0.47s           2026-06-16T15:17:13
================================================================================
[2026-06-16T15:18:01.818+0000] {manager.py:737} INFO - Searching for files in /opt/airflow/dags
[2026-06-16T15:18:01.825+0000] {manager.py:740} INFO - There are 1 files in /opt/airflow/dags
[2026-06-16T15:18:06.883+0000] {manager.py:878} INFO - 
================================================================================
DAG File Processing Stats

File Path                              PID    Runtime      # DAGs    # Errors  Last Runtime    Last Run
-------------------------------------  -----  ---------  --------  ----------  --------------  -------------------
/opt/airflow/dags/mandera_pipeline.py                           1           0  0.69s           2026-06-16T15:17:44
================================================================================
[2026-06-16T15:18:37.206+0000] {manager.py:878} INFO - 
================================================================================
DAG File Processing Stats

File Path                              PID    Runtime      # DAGs    # Errors  Last Runtime    Last Run
-------------------------------------  -----  ---------  --------  ----------  --------------  -------------------
/opt/airflow/dags/mandera_pipeline.py                           1           0  0.51s           2026-06-16T15:18:15
================================================================================
[2026-06-16T15:19:07.315+0000] {manager.py:878} INFO - 
================================================================================
DAG File Processing Stats

File Path                              PID    Runtime      # DAGs    # Errors  Last Runtime    Last Run
-------------------------------------  -----  ---------  --------  ----------  --------------  -------------------
/opt/airflow/dags/mandera_pipeline.py                           1           0  0.52s           2026-06-16T15:18:46
================================================================================
[2026-06-16T15:19:38.018+0000] {manager.py:878} INFO - 
================================================================================
DAG File Processing Stats

File Path                              PID    Runtime      # DAGs    # Errors  Last Runtime    Last Run
-------------------------------------  -----  ---------  --------  ----------  --------------  -------------------
/opt/airflow/dags/mandera_pipeline.py                           1           0  0.51s           2026-06-16T15:19:16
================================================================================
[2026-06-16T15:20:08.233+0000] {manager.py:878} INFO - 
================================================================================
DAG File Processing Stats

File Path                              PID    Runtime      # DAGs    # Errors  Last Runtime    Last Run
-------------------------------------  -----  ---------  --------  ----------  --------------  -------------------
/opt/airflow/dags/mandera_pipeline.py                           1           0  0.48s           2026-06-16T15:19:47
================================================================================
[2026-06-16T15:20:38.407+0000] {manager.py:878} INFO - 
================================================================================
DAG File Processing Stats

File Path                              PID    Runtime      # DAGs    # Errors  Last Runtime    Last Run
-------------------------------------  -----  ---------  --------  ----------  --------------  -------------------
/opt/airflow/dags/mandera_pipeline.py                           1           0  0.46s           2026-06-16T15:20:18
================================================================================
