[2026-06-16T15:13:08.262+0000] {local_task_job_runner.py:120} INFO - ::group::Pre task execution logs
[2026-06-16T15:13:08.313+0000] {taskinstance.py:2073} INFO - Dependencies all met for dep_context=non-requeueable deps ti=<TaskInstance: mandera_batch_pipeline.transform_to_staging manual__2026-06-16T15:12:56.021633+00:00 [queued]>
[2026-06-16T15:13:08.333+0000] {taskinstance.py:2073} INFO - Dependencies all met for dep_context=requeueable deps ti=<TaskInstance: mandera_batch_pipeline.transform_to_staging manual__2026-06-16T15:12:56.021633+00:00 [queued]>
[2026-06-16T15:13:08.334+0000] {taskinstance.py:2303} INFO - Starting attempt 1 of 2
[2026-06-16T15:13:08.364+0000] {taskinstance.py:2327} INFO - Executing <Task(PythonOperator): transform_to_staging> on 2026-06-16 15:12:56.021633+00:00
[2026-06-16T15:13:08.374+0000] {standard_task_runner.py:90} INFO - Running: ['airflow', 'tasks', 'run', 'mandera_batch_pipeline', 'transform_to_staging', 'manual__2026-06-16T15:12:56.021633+00:00', '--job-id', '10', '--raw', '--subdir', 'DAGS_FOLDER/mandera_pipeline.py', '--cfg-path', '/tmp/tmpvp7o_8aa']
[2026-06-16T15:13:08.378+0000] {standard_task_runner.py:91} INFO - Job 10: Subtask transform_to_staging
[2026-06-16T15:13:08.381+0000] {logging_mixin.py:188} WARNING - /home/airflow/.local/lib/python3.12/site-packages/airflow/task/task_runner/standard_task_runner.py:61 DeprecationWarning: This process (pid=320) is multi-threaded, use of fork() may lead to deadlocks in the child.
[2026-06-16T15:13:08.382+0000] {standard_task_runner.py:63} INFO - Started process 324 to run task
[2026-06-16T15:13:08.455+0000] {task_command.py:426} INFO - Running <TaskInstance: mandera_batch_pipeline.transform_to_staging manual__2026-06-16T15:12:56.021633+00:00 [running]> on host b91208fdc977
[2026-06-16T15:13:08.587+0000] {taskinstance.py:2644} INFO - Exporting env vars: AIRFLOW_CTX_DAG_OWNER='mandera' AIRFLOW_CTX_DAG_ID='mandera_batch_pipeline' AIRFLOW_CTX_TASK_ID='transform_to_staging' AIRFLOW_CTX_EXECUTION_DATE='2026-06-16T15:12:56.021633+00:00' AIRFLOW_CTX_TRY_NUMBER='1' AIRFLOW_CTX_DAG_RUN_ID='manual__2026-06-16T15:12:56.021633+00:00'
[2026-06-16T15:13:08.589+0000] {taskinstance.py:430} INFO - ::endgroup::
[2026-06-16T15:13:08.607+0000] {logging_mixin.py:188} INFO - Starting transformation: raw -> staging
[2026-06-16T15:13:08.621+0000] {logging_mixin.py:188} INFO - Read 300 records from raw_transactions
[2026-06-16T15:13:08.691+0000] {logging_mixin.py:188} INFO - Inserted 300 records into stg_transactions
[2026-06-16T15:13:08.696+0000] {logging_mixin.py:188} INFO - Batch log updated to: transformed
[2026-06-16T15:13:08.709+0000] {logging_mixin.py:188} INFO - raw_transactions truncated successfully
[2026-06-16T15:13:08.709+0000] {logging_mixin.py:188} INFO - Transformation complete
[2026-06-16T15:13:08.710+0000] {logging_mixin.py:188} INFO -   Batch: BATCH_20260616_131306
[2026-06-16T15:13:08.711+0000] {logging_mixin.py:188} INFO -   Records transformed: 300
[2026-06-16T15:13:08.711+0000] {logging_mixin.py:188} INFO -   raw_transactions: truncated
[2026-06-16T15:13:08.712+0000] {python.py:237} INFO - Done. Returned value was: 300
[2026-06-16T15:13:08.712+0000] {taskinstance.py:441} INFO - ::group::Post task execution logs
[2026-06-16T15:13:08.753+0000] {taskinstance.py:1205} INFO - Marking task as SUCCESS. dag_id=mandera_batch_pipeline, task_id=transform_to_staging, execution_date=20260616T151256, start_date=20260616T151308, end_date=20260616T151308
[2026-06-16T15:13:08.813+0000] {local_task_job_runner.py:240} INFO - Task exited with return code 0
[2026-06-16T15:13:08.839+0000] {taskinstance.py:3482} INFO - 0 downstream tasks scheduled from follow-on schedule check
[2026-06-16T15:13:08.847+0000] {local_task_job_runner.py:222} INFO - ::endgroup::
