[2026-06-16T15:12:41.528+0000] {local_task_job_runner.py:120} INFO - ::group::Pre task execution logs
[2026-06-16T15:12:41.564+0000] {taskinstance.py:2073} INFO - Dependencies all met for dep_context=non-requeueable deps ti=<TaskInstance: mandera_batch_pipeline.transform_to_staging manual__2026-06-16T15:12:30.404996+00:00 [queued]>
[2026-06-16T15:12:41.576+0000] {taskinstance.py:2073} INFO - Dependencies all met for dep_context=requeueable deps ti=<TaskInstance: mandera_batch_pipeline.transform_to_staging manual__2026-06-16T15:12:30.404996+00:00 [queued]>
[2026-06-16T15:12:41.577+0000] {taskinstance.py:2303} INFO - Starting attempt 1 of 2
[2026-06-16T15:12:41.596+0000] {taskinstance.py:2327} INFO - Executing <Task(PythonOperator): transform_to_staging> on 2026-06-16 15:12:30.404996+00:00
[2026-06-16T15:12:41.610+0000] {logging_mixin.py:188} WARNING - /home/airflow/.local/lib/python3.12/site-packages/airflow/task/task_runner/standard_task_runner.py:61 DeprecationWarning: This process (pid=291) is multi-threaded, use of fork() may lead to deadlocks in the child.
[2026-06-16T15:12:41.611+0000] {standard_task_runner.py:63} INFO - Started process 292 to run task
[2026-06-16T15:12:41.608+0000] {standard_task_runner.py:90} INFO - Running: ['airflow', 'tasks', 'run', 'mandera_batch_pipeline', 'transform_to_staging', 'manual__2026-06-16T15:12:30.404996+00:00', '--job-id', '6', '--raw', '--subdir', 'DAGS_FOLDER/mandera_pipeline.py', '--cfg-path', '/tmp/tmpf6piqsql']
[2026-06-16T15:12:41.611+0000] {standard_task_runner.py:91} INFO - Job 6: Subtask transform_to_staging
[2026-06-16T15:12:41.675+0000] {task_command.py:426} INFO - Running <TaskInstance: mandera_batch_pipeline.transform_to_staging manual__2026-06-16T15:12:30.404996+00:00 [running]> on host b91208fdc977
[2026-06-16T15:12:41.858+0000] {taskinstance.py:2644} INFO - Exporting env vars: AIRFLOW_CTX_DAG_OWNER='mandera' AIRFLOW_CTX_DAG_ID='mandera_batch_pipeline' AIRFLOW_CTX_TASK_ID='transform_to_staging' AIRFLOW_CTX_EXECUTION_DATE='2026-06-16T15:12:30.404996+00:00' AIRFLOW_CTX_TRY_NUMBER='1' AIRFLOW_CTX_DAG_RUN_ID='manual__2026-06-16T15:12:30.404996+00:00'
[2026-06-16T15:12:41.861+0000] {taskinstance.py:430} INFO - ::endgroup::
[2026-06-16T15:12:41.889+0000] {logging_mixin.py:188} INFO - Starting transformation: raw -> staging
[2026-06-16T15:12:41.906+0000] {logging_mixin.py:188} INFO - Read 200 records from raw_transactions
[2026-06-16T15:12:41.974+0000] {logging_mixin.py:188} INFO - Inserted 200 records into stg_transactions
[2026-06-16T15:12:41.978+0000] {logging_mixin.py:188} INFO - Batch log updated to: transformed
[2026-06-16T15:12:41.989+0000] {logging_mixin.py:188} INFO - raw_transactions truncated successfully
[2026-06-16T15:12:41.989+0000] {logging_mixin.py:188} INFO - Transformation complete
[2026-06-16T15:12:41.990+0000] {logging_mixin.py:188} INFO -   Batch: BATCH_20260616_131306
[2026-06-16T15:12:41.990+0000] {logging_mixin.py:188} INFO -   Records transformed: 200
[2026-06-16T15:12:41.991+0000] {logging_mixin.py:188} INFO -   raw_transactions: truncated
[2026-06-16T15:12:41.991+0000] {python.py:237} INFO - Done. Returned value was: 200
[2026-06-16T15:12:41.991+0000] {taskinstance.py:441} INFO - ::group::Post task execution logs
[2026-06-16T15:12:42.033+0000] {taskinstance.py:1205} INFO - Marking task as SUCCESS. dag_id=mandera_batch_pipeline, task_id=transform_to_staging, execution_date=20260616T151230, start_date=20260616T151241, end_date=20260616T151242
[2026-06-16T15:12:42.088+0000] {local_task_job_runner.py:240} INFO - Task exited with return code 0
[2026-06-16T15:12:42.126+0000] {taskinstance.py:3482} INFO - 0 downstream tasks scheduled from follow-on schedule check
[2026-06-16T15:12:42.135+0000] {local_task_job_runner.py:222} INFO - ::endgroup::
