[2026-06-16T15:12:31.608+0000] {local_task_job_runner.py:120} INFO - ::group::Pre task execution logs
[2026-06-16T15:12:31.656+0000] {taskinstance.py:2073} INFO - Dependencies all met for dep_context=non-requeueable deps ti=<TaskInstance: mandera_batch_pipeline.generate_data manual__2026-06-16T15:12:30.404996+00:00 [queued]>
[2026-06-16T15:12:31.674+0000] {taskinstance.py:2073} INFO - Dependencies all met for dep_context=requeueable deps ti=<TaskInstance: mandera_batch_pipeline.generate_data manual__2026-06-16T15:12:30.404996+00:00 [queued]>
[2026-06-16T15:12:31.675+0000] {taskinstance.py:2303} INFO - Starting attempt 1 of 2
[2026-06-16T15:12:31.710+0000] {taskinstance.py:2327} INFO - Executing <Task(PythonOperator): generate_data> on 2026-06-16 15:12:30.404996+00:00
[2026-06-16T15:12:31.730+0000] {logging_mixin.py:188} WARNING - /home/airflow/.local/lib/python3.12/site-packages/airflow/task/task_runner/standard_task_runner.py:61 DeprecationWarning: This process (pid=259) is multi-threaded, use of fork() may lead to deadlocks in the child.
[2026-06-16T15:12:31.727+0000] {standard_task_runner.py:90} INFO - Running: ['airflow', 'tasks', 'run', 'mandera_batch_pipeline', 'generate_data', 'manual__2026-06-16T15:12:30.404996+00:00', '--job-id', '3', '--raw', '--subdir', 'DAGS_FOLDER/mandera_pipeline.py', '--cfg-path', '/tmp/tmp8xikm4u3']
[2026-06-16T15:12:31.732+0000] {standard_task_runner.py:91} INFO - Job 3: Subtask generate_data
[2026-06-16T15:12:31.732+0000] {standard_task_runner.py:63} INFO - Started process 260 to run task
[2026-06-16T15:12:31.807+0000] {task_command.py:426} INFO - Running <TaskInstance: mandera_batch_pipeline.generate_data manual__2026-06-16T15:12:30.404996+00:00 [running]> on host b91208fdc977
[2026-06-16T15:12:31.936+0000] {taskinstance.py:2644} INFO - Exporting env vars: AIRFLOW_CTX_DAG_OWNER='mandera' AIRFLOW_CTX_DAG_ID='mandera_batch_pipeline' AIRFLOW_CTX_TASK_ID='generate_data' AIRFLOW_CTX_EXECUTION_DATE='2026-06-16T15:12:30.404996+00:00' AIRFLOW_CTX_TRY_NUMBER='1' AIRFLOW_CTX_DAG_RUN_ID='manual__2026-06-16T15:12:30.404996+00:00'
[2026-06-16T15:12:31.938+0000] {taskinstance.py:430} INFO - ::endgroup::
[2026-06-16T15:12:32.368+0000] {logging_mixin.py:188} INFO - Generating batch: BATCH_20260616_151232
[2026-06-16T15:12:32.369+0000] {logging_mixin.py:188} INFO - Batch size: 100 records
[2026-06-16T15:12:34.361+0000] {logging_mixin.py:188} INFO - Inserted 100 records into MongoDB
[2026-06-16T15:12:34.362+0000] {logging_mixin.py:188} INFO - Database: mandera_db
[2026-06-16T15:12:34.363+0000] {logging_mixin.py:188} INFO - Collection: transactions
[2026-06-16T15:12:34.365+0000] {logging_mixin.py:188} INFO - Batch ID: BATCH_20260616_151232
[2026-06-16T15:12:34.396+0000] {python.py:237} INFO - Done. Returned value was: BATCH_20260616_151232
[2026-06-16T15:12:34.397+0000] {taskinstance.py:441} INFO - ::group::Post task execution logs
[2026-06-16T15:12:34.465+0000] {taskinstance.py:1205} INFO - Marking task as SUCCESS. dag_id=mandera_batch_pipeline, task_id=generate_data, execution_date=20260616T151230, start_date=20260616T151231, end_date=20260616T151234
[2026-06-16T15:12:34.541+0000] {local_task_job_runner.py:240} INFO - Task exited with return code 0
[2026-06-16T15:12:34.606+0000] {taskinstance.py:3482} INFO - 1 downstream tasks scheduled from follow-on schedule check
[2026-06-16T15:12:34.615+0000] {local_task_job_runner.py:222} INFO - ::endgroup::
