[2026-06-16T15:05:40.058+0000] {processor.py:161} INFO - Started process (PID=189) to work on /opt/airflow/dags/mandera_pipeline.py
[2026-06-16T15:05:40.059+0000] {processor.py:830} INFO - Processing file /opt/airflow/dags/mandera_pipeline.py for tasks to queue
[2026-06-16T15:05:40.061+0000] {logging_mixin.py:188} INFO - [2026-06-16T15:05:40.061+0000] {dagbag.py:540} INFO - Filling up the DagBag from /opt/airflow/dags/mandera_pipeline.py
[2026-06-16T15:05:40.994+0000] {processor.py:840} INFO - DAG(s) 'mandera_batch_pipeline' retrieved from /opt/airflow/dags/mandera_pipeline.py
[2026-06-16T15:05:41.484+0000] {logging_mixin.py:188} INFO - [2026-06-16T15:05:41.483+0000] {override.py:1829} INFO - Created Permission View: can edit on DAG:mandera_batch_pipeline
[2026-06-16T15:05:41.492+0000] {logging_mixin.py:188} INFO - [2026-06-16T15:05:41.491+0000] {override.py:1829} INFO - Created Permission View: can delete on DAG:mandera_batch_pipeline
[2026-06-16T15:05:41.501+0000] {logging_mixin.py:188} INFO - [2026-06-16T15:05:41.501+0000] {override.py:1829} INFO - Created Permission View: can read on DAG:mandera_batch_pipeline
[2026-06-16T15:05:41.502+0000] {logging_mixin.py:188} INFO - [2026-06-16T15:05:41.502+0000] {dag.py:3096} INFO - Sync 1 DAGs
[2026-06-16T15:05:41.730+0000] {logging_mixin.py:188} INFO - [2026-06-16T15:05:41.730+0000] {dag.py:3118} INFO - Creating ORM DAG for mandera_batch_pipeline
[2026-06-16T15:05:41.745+0000] {logging_mixin.py:188} INFO - [2026-06-16T15:05:41.744+0000] {dag.py:3954} INFO - Setting next_dagrun for mandera_batch_pipeline to 2026-06-16 06:00:00+00:00, run_after=2026-06-17 06:00:00+00:00
[2026-06-16T15:05:41.769+0000] {processor.py:183} INFO - Processing /opt/airflow/dags/mandera_pipeline.py took 1.718 seconds
[2026-06-16T15:06:12.036+0000] {processor.py:161} INFO - Started process (PID=194) to work on /opt/airflow/dags/mandera_pipeline.py
[2026-06-16T15:06:12.039+0000] {processor.py:830} INFO - Processing file /opt/airflow/dags/mandera_pipeline.py for tasks to queue
[2026-06-16T15:06:12.043+0000] {logging_mixin.py:188} INFO - [2026-06-16T15:06:12.042+0000] {dagbag.py:540} INFO - Filling up the DagBag from /opt/airflow/dags/mandera_pipeline.py
[2026-06-16T15:06:12.372+0000] {processor.py:840} INFO - DAG(s) 'mandera_batch_pipeline' retrieved from /opt/airflow/dags/mandera_pipeline.py
[2026-06-16T15:06:12.416+0000] {logging_mixin.py:188} INFO - [2026-06-16T15:06:12.416+0000] {dag.py:3096} INFO - Sync 1 DAGs
[2026-06-16T15:06:12.444+0000] {logging_mixin.py:188} INFO - [2026-06-16T15:06:12.444+0000] {dag.py:3954} INFO - Setting next_dagrun for mandera_batch_pipeline to 2026-06-16 06:00:00+00:00, run_after=2026-06-17 06:00:00+00:00
[2026-06-16T15:06:12.477+0000] {processor.py:183} INFO - Processing /opt/airflow/dags/mandera_pipeline.py took 0.456 seconds
[2026-06-16T15:06:42.734+0000] {processor.py:161} INFO - Started process (PID=199) to work on /opt/airflow/dags/mandera_pipeline.py
[2026-06-16T15:06:42.737+0000] {processor.py:830} INFO - Processing file /opt/airflow/dags/mandera_pipeline.py for tasks to queue
[2026-06-16T15:06:42.743+0000] {logging_mixin.py:188} INFO - [2026-06-16T15:06:42.741+0000] {dagbag.py:540} INFO - Filling up the DagBag from /opt/airflow/dags/mandera_pipeline.py
[2026-06-16T15:06:43.061+0000] {processor.py:840} INFO - DAG(s) 'mandera_batch_pipeline' retrieved from /opt/airflow/dags/mandera_pipeline.py
[2026-06-16T15:06:43.096+0000] {logging_mixin.py:188} INFO - [2026-06-16T15:06:43.096+0000] {dag.py:3096} INFO - Sync 1 DAGs
[2026-06-16T15:06:43.126+0000] {logging_mixin.py:188} INFO - [2026-06-16T15:06:43.126+0000] {dag.py:3954} INFO - Setting next_dagrun for mandera_batch_pipeline to 2026-06-16 06:00:00+00:00, run_after=2026-06-17 06:00:00+00:00
[2026-06-16T15:06:43.414+0000] {processor.py:183} INFO - Processing /opt/airflow/dags/mandera_pipeline.py took 0.701 seconds
[2026-06-16T15:08:01.283+0000] {processor.py:161} INFO - Started process (PID=181) to work on /opt/airflow/dags/mandera_pipeline.py
[2026-06-16T15:08:01.285+0000] {processor.py:830} INFO - Processing file /opt/airflow/dags/mandera_pipeline.py for tasks to queue
[2026-06-16T15:08:01.288+0000] {logging_mixin.py:188} INFO - [2026-06-16T15:08:01.288+0000] {dagbag.py:540} INFO - Filling up the DagBag from /opt/airflow/dags/mandera_pipeline.py
[2026-06-16T15:08:01.311+0000] {logging_mixin.py:188} INFO - [2026-06-16T15:08:01.309+0000] {dagbag.py:350} ERROR - Failed to import: /opt/airflow/dags/mandera_pipeline.py
Traceback (most recent call last):
  File "/home/airflow/.local/lib/python3.12/site-packages/airflow/models/dagbag.py", line 346, in parse
    loader.exec_module(new_module)
  File "<frozen importlib._bootstrap_external>", line 995, in exec_module
  File "<frozen importlib._bootstrap>", line 488, in _call_with_frames_removed
  File "/opt/airflow/dags/mandera_pipeline.py", line 10, in <module>
    import generate_data
  File "/opt/airflow/scripts/generate_data.py", line 5, in <module>
    from faker import Faker
ModuleNotFoundError: No module named 'faker'
[2026-06-16T15:08:01.313+0000] {processor.py:842} WARNING - No viable dags retrieved from /opt/airflow/dags/mandera_pipeline.py
[2026-06-16T15:08:01.340+0000] {processor.py:183} INFO - Processing /opt/airflow/dags/mandera_pipeline.py took 0.066 seconds
[2026-06-16T15:08:31.523+0000] {processor.py:161} INFO - Started process (PID=208) to work on /opt/airflow/dags/mandera_pipeline.py
[2026-06-16T15:08:31.525+0000] {processor.py:830} INFO - Processing file /opt/airflow/dags/mandera_pipeline.py for tasks to queue
[2026-06-16T15:08:31.528+0000] {logging_mixin.py:188} INFO - [2026-06-16T15:08:31.528+0000] {dagbag.py:540} INFO - Filling up the DagBag from /opt/airflow/dags/mandera_pipeline.py
[2026-06-16T15:08:31.868+0000] {processor.py:840} INFO - DAG(s) 'mandera_batch_pipeline' retrieved from /opt/airflow/dags/mandera_pipeline.py
[2026-06-16T15:08:31.891+0000] {logging_mixin.py:188} INFO - [2026-06-16T15:08:31.890+0000] {dag.py:3096} INFO - Sync 1 DAGs
[2026-06-16T15:08:31.930+0000] {logging_mixin.py:188} INFO - [2026-06-16T15:08:31.929+0000] {dag.py:3954} INFO - Setting next_dagrun for mandera_batch_pipeline to 2026-06-16 06:00:00+00:00, run_after=2026-06-17 06:00:00+00:00
[2026-06-16T15:08:31.963+0000] {processor.py:183} INFO - Processing /opt/airflow/dags/mandera_pipeline.py took 0.458 seconds
[2026-06-16T15:09:02.224+0000] {processor.py:161} INFO - Started process (PID=223) to work on /opt/airflow/dags/mandera_pipeline.py
[2026-06-16T15:09:02.227+0000] {processor.py:830} INFO - Processing file /opt/airflow/dags/mandera_pipeline.py for tasks to queue
[2026-06-16T15:09:02.231+0000] {logging_mixin.py:188} INFO - [2026-06-16T15:09:02.230+0000] {dagbag.py:540} INFO - Filling up the DagBag from /opt/airflow/dags/mandera_pipeline.py
[2026-06-16T15:09:02.538+0000] {processor.py:840} INFO - DAG(s) 'mandera_batch_pipeline' retrieved from /opt/airflow/dags/mandera_pipeline.py
[2026-06-16T15:09:02.668+0000] {logging_mixin.py:188} INFO - [2026-06-16T15:09:02.667+0000] {dag.py:3096} INFO - Sync 1 DAGs
[2026-06-16T15:09:02.696+0000] {logging_mixin.py:188} INFO - [2026-06-16T15:09:02.696+0000] {dag.py:3954} INFO - Setting next_dagrun for mandera_batch_pipeline to 2026-06-16 06:00:00+00:00, run_after=2026-06-17 06:00:00+00:00
[2026-06-16T15:09:02.728+0000] {processor.py:183} INFO - Processing /opt/airflow/dags/mandera_pipeline.py took 0.537 seconds
[2026-06-16T15:09:32.962+0000] {processor.py:161} INFO - Started process (PID=228) to work on /opt/airflow/dags/mandera_pipeline.py
[2026-06-16T15:09:32.964+0000] {processor.py:830} INFO - Processing file /opt/airflow/dags/mandera_pipeline.py for tasks to queue
[2026-06-16T15:09:32.969+0000] {logging_mixin.py:188} INFO - [2026-06-16T15:09:32.968+0000] {dagbag.py:540} INFO - Filling up the DagBag from /opt/airflow/dags/mandera_pipeline.py
[2026-06-16T15:09:33.258+0000] {processor.py:840} INFO - DAG(s) 'mandera_batch_pipeline' retrieved from /opt/airflow/dags/mandera_pipeline.py
[2026-06-16T15:09:33.294+0000] {logging_mixin.py:188} INFO - [2026-06-16T15:09:33.294+0000] {dag.py:3096} INFO - Sync 1 DAGs
[2026-06-16T15:09:33.320+0000] {logging_mixin.py:188} INFO - [2026-06-16T15:09:33.319+0000] {dag.py:3954} INFO - Setting next_dagrun for mandera_batch_pipeline to 2026-06-16 06:00:00+00:00, run_after=2026-06-17 06:00:00+00:00
[2026-06-16T15:09:33.341+0000] {processor.py:183} INFO - Processing /opt/airflow/dags/mandera_pipeline.py took 0.399 seconds
[2026-06-16T15:10:03.583+0000] {processor.py:161} INFO - Started process (PID=233) to work on /opt/airflow/dags/mandera_pipeline.py
[2026-06-16T15:10:03.585+0000] {processor.py:830} INFO - Processing file /opt/airflow/dags/mandera_pipeline.py for tasks to queue
[2026-06-16T15:10:03.590+0000] {logging_mixin.py:188} INFO - [2026-06-16T15:10:03.589+0000] {dagbag.py:540} INFO - Filling up the DagBag from /opt/airflow/dags/mandera_pipeline.py
[2026-06-16T15:10:03.912+0000] {processor.py:840} INFO - DAG(s) 'mandera_batch_pipeline' retrieved from /opt/airflow/dags/mandera_pipeline.py
[2026-06-16T15:10:03.961+0000] {logging_mixin.py:188} INFO - [2026-06-16T15:10:03.960+0000] {dag.py:3096} INFO - Sync 1 DAGs
[2026-06-16T15:10:03.999+0000] {logging_mixin.py:188} INFO - [2026-06-16T15:10:03.999+0000] {dag.py:3954} INFO - Setting next_dagrun for mandera_batch_pipeline to 2026-06-16 06:00:00+00:00, run_after=2026-06-17 06:00:00+00:00
[2026-06-16T15:10:04.039+0000] {processor.py:183} INFO - Processing /opt/airflow/dags/mandera_pipeline.py took 0.479 seconds
[2026-06-16T15:10:34.318+0000] {processor.py:161} INFO - Started process (PID=238) to work on /opt/airflow/dags/mandera_pipeline.py
[2026-06-16T15:10:34.321+0000] {processor.py:830} INFO - Processing file /opt/airflow/dags/mandera_pipeline.py for tasks to queue
[2026-06-16T15:10:34.326+0000] {logging_mixin.py:188} INFO - [2026-06-16T15:10:34.325+0000] {dagbag.py:540} INFO - Filling up the DagBag from /opt/airflow/dags/mandera_pipeline.py
[2026-06-16T15:10:34.662+0000] {processor.py:840} INFO - DAG(s) 'mandera_batch_pipeline' retrieved from /opt/airflow/dags/mandera_pipeline.py
[2026-06-16T15:10:34.704+0000] {logging_mixin.py:188} INFO - [2026-06-16T15:10:34.704+0000] {dag.py:3096} INFO - Sync 1 DAGs
[2026-06-16T15:10:34.738+0000] {logging_mixin.py:188} INFO - [2026-06-16T15:10:34.738+0000] {dag.py:3954} INFO - Setting next_dagrun for mandera_batch_pipeline to 2026-06-16 06:00:00+00:00, run_after=2026-06-17 06:00:00+00:00
[2026-06-16T15:10:34.769+0000] {processor.py:183} INFO - Processing /opt/airflow/dags/mandera_pipeline.py took 0.484 seconds
[2026-06-16T15:11:05.028+0000] {processor.py:161} INFO - Started process (PID=244) to work on /opt/airflow/dags/mandera_pipeline.py
[2026-06-16T15:11:05.030+0000] {processor.py:830} INFO - Processing file /opt/airflow/dags/mandera_pipeline.py for tasks to queue
[2026-06-16T15:11:05.033+0000] {logging_mixin.py:188} INFO - [2026-06-16T15:11:05.032+0000] {dagbag.py:540} INFO - Filling up the DagBag from /opt/airflow/dags/mandera_pipeline.py
[2026-06-16T15:11:05.340+0000] {processor.py:840} INFO - DAG(s) 'mandera_batch_pipeline' retrieved from /opt/airflow/dags/mandera_pipeline.py
[2026-06-16T15:11:05.383+0000] {logging_mixin.py:188} INFO - [2026-06-16T15:11:05.383+0000] {dag.py:3096} INFO - Sync 1 DAGs
[2026-06-16T15:11:05.446+0000] {logging_mixin.py:188} INFO - [2026-06-16T15:11:05.446+0000] {dag.py:3954} INFO - Setting next_dagrun for mandera_batch_pipeline to 2026-06-16 06:00:00+00:00, run_after=2026-06-17 06:00:00+00:00
[2026-06-16T15:11:05.480+0000] {processor.py:183} INFO - Processing /opt/airflow/dags/mandera_pipeline.py took 0.476 seconds
[2026-06-16T15:11:35.747+0000] {processor.py:161} INFO - Started process (PID=249) to work on /opt/airflow/dags/mandera_pipeline.py
[2026-06-16T15:11:35.750+0000] {processor.py:830} INFO - Processing file /opt/airflow/dags/mandera_pipeline.py for tasks to queue
[2026-06-16T15:11:35.755+0000] {logging_mixin.py:188} INFO - [2026-06-16T15:11:35.754+0000] {dagbag.py:540} INFO - Filling up the DagBag from /opt/airflow/dags/mandera_pipeline.py
[2026-06-16T15:11:36.084+0000] {processor.py:840} INFO - DAG(s) 'mandera_batch_pipeline' retrieved from /opt/airflow/dags/mandera_pipeline.py
[2026-06-16T15:11:36.119+0000] {logging_mixin.py:188} INFO - [2026-06-16T15:11:36.119+0000] {dag.py:3096} INFO - Sync 1 DAGs
[2026-06-16T15:11:36.152+0000] {logging_mixin.py:188} INFO - [2026-06-16T15:11:36.151+0000] {dag.py:3954} INFO - Setting next_dagrun for mandera_batch_pipeline to 2026-06-16 06:00:00+00:00, run_after=2026-06-17 06:00:00+00:00
[2026-06-16T15:11:36.175+0000] {processor.py:183} INFO - Processing /opt/airflow/dags/mandera_pipeline.py took 0.455 seconds
[2026-06-16T15:12:06.459+0000] {processor.py:161} INFO - Started process (PID=254) to work on /opt/airflow/dags/mandera_pipeline.py
[2026-06-16T15:12:06.462+0000] {processor.py:830} INFO - Processing file /opt/airflow/dags/mandera_pipeline.py for tasks to queue
[2026-06-16T15:12:06.466+0000] {logging_mixin.py:188} INFO - [2026-06-16T15:12:06.465+0000] {dagbag.py:540} INFO - Filling up the DagBag from /opt/airflow/dags/mandera_pipeline.py
[2026-06-16T15:12:06.800+0000] {processor.py:840} INFO - DAG(s) 'mandera_batch_pipeline' retrieved from /opt/airflow/dags/mandera_pipeline.py
[2026-06-16T15:12:06.840+0000] {logging_mixin.py:188} INFO - [2026-06-16T15:12:06.839+0000] {dag.py:3096} INFO - Sync 1 DAGs
[2026-06-16T15:12:06.874+0000] {logging_mixin.py:188} INFO - [2026-06-16T15:12:06.874+0000] {dag.py:3954} INFO - Setting next_dagrun for mandera_batch_pipeline to 2026-06-16 06:00:00+00:00, run_after=2026-06-17 06:00:00+00:00
[2026-06-16T15:12:06.912+0000] {processor.py:183} INFO - Processing /opt/airflow/dags/mandera_pipeline.py took 0.480 seconds
[2026-06-16T15:12:37.156+0000] {processor.py:161} INFO - Started process (PID=277) to work on /opt/airflow/dags/mandera_pipeline.py
[2026-06-16T15:12:37.158+0000] {processor.py:830} INFO - Processing file /opt/airflow/dags/mandera_pipeline.py for tasks to queue
[2026-06-16T15:12:37.163+0000] {logging_mixin.py:188} INFO - [2026-06-16T15:12:37.162+0000] {dagbag.py:540} INFO - Filling up the DagBag from /opt/airflow/dags/mandera_pipeline.py
[2026-06-16T15:12:37.493+0000] {processor.py:840} INFO - DAG(s) 'mandera_batch_pipeline' retrieved from /opt/airflow/dags/mandera_pipeline.py
[2026-06-16T15:12:37.536+0000] {logging_mixin.py:188} INFO - [2026-06-16T15:12:37.535+0000] {dag.py:3096} INFO - Sync 1 DAGs
[2026-06-16T15:12:37.569+0000] {logging_mixin.py:188} INFO - [2026-06-16T15:12:37.568+0000] {dag.py:3954} INFO - Setting next_dagrun for mandera_batch_pipeline to 2026-06-16 06:00:00+00:00, run_after=2026-06-17 06:00:00+00:00
[2026-06-16T15:12:37.606+0000] {processor.py:183} INFO - Processing /opt/airflow/dags/mandera_pipeline.py took 0.471 seconds
[2026-06-16T15:13:07.827+0000] {processor.py:161} INFO - Started process (PID=321) to work on /opt/airflow/dags/mandera_pipeline.py
[2026-06-16T15:13:07.829+0000] {processor.py:830} INFO - Processing file /opt/airflow/dags/mandera_pipeline.py for tasks to queue
[2026-06-16T15:13:07.832+0000] {logging_mixin.py:188} INFO - [2026-06-16T15:13:07.831+0000] {dagbag.py:540} INFO - Filling up the DagBag from /opt/airflow/dags/mandera_pipeline.py
[2026-06-16T15:13:08.318+0000] {processor.py:840} INFO - DAG(s) 'mandera_batch_pipeline' retrieved from /opt/airflow/dags/mandera_pipeline.py
[2026-06-16T15:13:08.373+0000] {logging_mixin.py:188} INFO - [2026-06-16T15:13:08.373+0000] {dag.py:3096} INFO - Sync 1 DAGs
[2026-06-16T15:13:08.415+0000] {logging_mixin.py:188} INFO - [2026-06-16T15:13:08.415+0000] {dag.py:3954} INFO - Setting next_dagrun for mandera_batch_pipeline to 2026-06-16 06:00:00+00:00, run_after=2026-06-17 06:00:00+00:00
[2026-06-16T15:13:08.443+0000] {processor.py:183} INFO - Processing /opt/airflow/dags/mandera_pipeline.py took 0.628 seconds
[2026-06-16T15:13:38.601+0000] {processor.py:161} INFO - Started process (PID=327) to work on /opt/airflow/dags/mandera_pipeline.py
[2026-06-16T15:13:38.602+0000] {processor.py:830} INFO - Processing file /opt/airflow/dags/mandera_pipeline.py for tasks to queue
[2026-06-16T15:13:38.605+0000] {logging_mixin.py:188} INFO - [2026-06-16T15:13:38.604+0000] {dagbag.py:540} INFO - Filling up the DagBag from /opt/airflow/dags/mandera_pipeline.py
[2026-06-16T15:13:38.933+0000] {processor.py:840} INFO - DAG(s) 'mandera_batch_pipeline' retrieved from /opt/airflow/dags/mandera_pipeline.py
[2026-06-16T15:13:38.978+0000] {logging_mixin.py:188} INFO - [2026-06-16T15:13:38.977+0000] {dag.py:3096} INFO - Sync 1 DAGs
[2026-06-16T15:13:39.027+0000] {logging_mixin.py:188} INFO - [2026-06-16T15:13:39.026+0000] {dag.py:3954} INFO - Setting next_dagrun for mandera_batch_pipeline to 2026-06-16 06:00:00+00:00, run_after=2026-06-17 06:00:00+00:00
[2026-06-16T15:13:39.084+0000] {processor.py:183} INFO - Processing /opt/airflow/dags/mandera_pipeline.py took 0.494 seconds
[2026-06-16T15:14:09.359+0000] {processor.py:161} INFO - Started process (PID=332) to work on /opt/airflow/dags/mandera_pipeline.py
[2026-06-16T15:14:09.363+0000] {processor.py:830} INFO - Processing file /opt/airflow/dags/mandera_pipeline.py for tasks to queue
[2026-06-16T15:14:09.370+0000] {logging_mixin.py:188} INFO - [2026-06-16T15:14:09.369+0000] {dagbag.py:540} INFO - Filling up the DagBag from /opt/airflow/dags/mandera_pipeline.py
[2026-06-16T15:14:09.653+0000] {processor.py:840} INFO - DAG(s) 'mandera_batch_pipeline' retrieved from /opt/airflow/dags/mandera_pipeline.py
[2026-06-16T15:14:09.692+0000] {logging_mixin.py:188} INFO - [2026-06-16T15:14:09.692+0000] {dag.py:3096} INFO - Sync 1 DAGs
[2026-06-16T15:14:09.723+0000] {logging_mixin.py:188} INFO - [2026-06-16T15:14:09.723+0000] {dag.py:3954} INFO - Setting next_dagrun for mandera_batch_pipeline to 2026-06-16 06:00:00+00:00, run_after=2026-06-17 06:00:00+00:00
[2026-06-16T15:14:09.755+0000] {processor.py:183} INFO - Processing /opt/airflow/dags/mandera_pipeline.py took 0.427 seconds
[2026-06-16T15:14:40.014+0000] {processor.py:161} INFO - Started process (PID=337) to work on /opt/airflow/dags/mandera_pipeline.py
[2026-06-16T15:14:40.016+0000] {processor.py:830} INFO - Processing file /opt/airflow/dags/mandera_pipeline.py for tasks to queue
[2026-06-16T15:14:40.022+0000] {logging_mixin.py:188} INFO - [2026-06-16T15:14:40.021+0000] {dagbag.py:540} INFO - Filling up the DagBag from /opt/airflow/dags/mandera_pipeline.py
[2026-06-16T15:14:40.333+0000] {processor.py:840} INFO - DAG(s) 'mandera_batch_pipeline' retrieved from /opt/airflow/dags/mandera_pipeline.py
[2026-06-16T15:14:40.369+0000] {logging_mixin.py:188} INFO - [2026-06-16T15:14:40.368+0000] {dag.py:3096} INFO - Sync 1 DAGs
[2026-06-16T15:14:40.403+0000] {logging_mixin.py:188} INFO - [2026-06-16T15:14:40.402+0000] {dag.py:3954} INFO - Setting next_dagrun for mandera_batch_pipeline to 2026-06-16 06:00:00+00:00, run_after=2026-06-17 06:00:00+00:00
[2026-06-16T15:14:40.669+0000] {processor.py:183} INFO - Processing /opt/airflow/dags/mandera_pipeline.py took 0.682 seconds
[2026-06-16T15:15:10.786+0000] {processor.py:161} INFO - Started process (PID=342) to work on /opt/airflow/dags/mandera_pipeline.py
[2026-06-16T15:15:10.789+0000] {processor.py:830} INFO - Processing file /opt/airflow/dags/mandera_pipeline.py for tasks to queue
[2026-06-16T15:15:10.795+0000] {logging_mixin.py:188} INFO - [2026-06-16T15:15:10.794+0000] {dagbag.py:540} INFO - Filling up the DagBag from /opt/airflow/dags/mandera_pipeline.py
[2026-06-16T15:15:11.098+0000] {processor.py:840} INFO - DAG(s) 'mandera_batch_pipeline' retrieved from /opt/airflow/dags/mandera_pipeline.py
[2026-06-16T15:15:11.133+0000] {logging_mixin.py:188} INFO - [2026-06-16T15:15:11.133+0000] {dag.py:3096} INFO - Sync 1 DAGs
[2026-06-16T15:15:11.161+0000] {logging_mixin.py:188} INFO - [2026-06-16T15:15:11.161+0000] {dag.py:3954} INFO - Setting next_dagrun for mandera_batch_pipeline to 2026-06-16 06:00:00+00:00, run_after=2026-06-17 06:00:00+00:00
[2026-06-16T15:15:11.188+0000] {processor.py:183} INFO - Processing /opt/airflow/dags/mandera_pipeline.py took 0.433 seconds
[2026-06-16T15:15:41.423+0000] {processor.py:161} INFO - Started process (PID=347) to work on /opt/airflow/dags/mandera_pipeline.py
[2026-06-16T15:15:41.427+0000] {processor.py:830} INFO - Processing file /opt/airflow/dags/mandera_pipeline.py for tasks to queue
[2026-06-16T15:15:41.431+0000] {logging_mixin.py:188} INFO - [2026-06-16T15:15:41.431+0000] {dagbag.py:540} INFO - Filling up the DagBag from /opt/airflow/dags/mandera_pipeline.py
[2026-06-16T15:15:41.787+0000] {processor.py:840} INFO - DAG(s) 'mandera_batch_pipeline' retrieved from /opt/airflow/dags/mandera_pipeline.py
[2026-06-16T15:15:41.835+0000] {logging_mixin.py:188} INFO - [2026-06-16T15:15:41.834+0000] {dag.py:3096} INFO - Sync 1 DAGs
[2026-06-16T15:15:41.875+0000] {logging_mixin.py:188} INFO - [2026-06-16T15:15:41.874+0000] {dag.py:3954} INFO - Setting next_dagrun for mandera_batch_pipeline to 2026-06-16 06:00:00+00:00, run_after=2026-06-17 06:00:00+00:00
[2026-06-16T15:15:41.923+0000] {processor.py:183} INFO - Processing /opt/airflow/dags/mandera_pipeline.py took 0.516 seconds
[2026-06-16T15:16:12.198+0000] {processor.py:161} INFO - Started process (PID=352) to work on /opt/airflow/dags/mandera_pipeline.py
[2026-06-16T15:16:12.200+0000] {processor.py:830} INFO - Processing file /opt/airflow/dags/mandera_pipeline.py for tasks to queue
[2026-06-16T15:16:12.205+0000] {logging_mixin.py:188} INFO - [2026-06-16T15:16:12.204+0000] {dagbag.py:540} INFO - Filling up the DagBag from /opt/airflow/dags/mandera_pipeline.py
[2026-06-16T15:16:12.487+0000] {processor.py:840} INFO - DAG(s) 'mandera_batch_pipeline' retrieved from /opt/airflow/dags/mandera_pipeline.py
[2026-06-16T15:16:12.527+0000] {logging_mixin.py:188} INFO - [2026-06-16T15:16:12.527+0000] {dag.py:3096} INFO - Sync 1 DAGs
[2026-06-16T15:16:12.557+0000] {logging_mixin.py:188} INFO - [2026-06-16T15:16:12.557+0000] {dag.py:3954} INFO - Setting next_dagrun for mandera_batch_pipeline to 2026-06-16 06:00:00+00:00, run_after=2026-06-17 06:00:00+00:00
[2026-06-16T15:16:12.587+0000] {processor.py:183} INFO - Processing /opt/airflow/dags/mandera_pipeline.py took 0.411 seconds
[2026-06-16T15:16:42.859+0000] {processor.py:161} INFO - Started process (PID=357) to work on /opt/airflow/dags/mandera_pipeline.py
[2026-06-16T15:16:42.861+0000] {processor.py:830} INFO - Processing file /opt/airflow/dags/mandera_pipeline.py for tasks to queue
[2026-06-16T15:16:42.866+0000] {logging_mixin.py:188} INFO - [2026-06-16T15:16:42.865+0000] {dagbag.py:540} INFO - Filling up the DagBag from /opt/airflow/dags/mandera_pipeline.py
[2026-06-16T15:16:43.185+0000] {processor.py:840} INFO - DAG(s) 'mandera_batch_pipeline' retrieved from /opt/airflow/dags/mandera_pipeline.py
[2026-06-16T15:16:43.220+0000] {logging_mixin.py:188} INFO - [2026-06-16T15:16:43.219+0000] {dag.py:3096} INFO - Sync 1 DAGs
[2026-06-16T15:16:43.248+0000] {logging_mixin.py:188} INFO - [2026-06-16T15:16:43.248+0000] {dag.py:3954} INFO - Setting next_dagrun for mandera_batch_pipeline to 2026-06-16 06:00:00+00:00, run_after=2026-06-17 06:00:00+00:00
[2026-06-16T15:16:43.277+0000] {processor.py:183} INFO - Processing /opt/airflow/dags/mandera_pipeline.py took 0.441 seconds
[2026-06-16T15:17:13.534+0000] {processor.py:161} INFO - Started process (PID=362) to work on /opt/airflow/dags/mandera_pipeline.py
[2026-06-16T15:17:13.536+0000] {processor.py:830} INFO - Processing file /opt/airflow/dags/mandera_pipeline.py for tasks to queue
[2026-06-16T15:17:13.541+0000] {logging_mixin.py:188} INFO - [2026-06-16T15:17:13.540+0000] {dagbag.py:540} INFO - Filling up the DagBag from /opt/airflow/dags/mandera_pipeline.py
[2026-06-16T15:17:13.829+0000] {processor.py:840} INFO - DAG(s) 'mandera_batch_pipeline' retrieved from /opt/airflow/dags/mandera_pipeline.py
[2026-06-16T15:17:13.870+0000] {logging_mixin.py:188} INFO - [2026-06-16T15:17:13.869+0000] {dag.py:3096} INFO - Sync 1 DAGs
[2026-06-16T15:17:13.906+0000] {logging_mixin.py:188} INFO - [2026-06-16T15:17:13.906+0000] {dag.py:3954} INFO - Setting next_dagrun for mandera_batch_pipeline to 2026-06-16 06:00:00+00:00, run_after=2026-06-17 06:00:00+00:00
[2026-06-16T15:17:13.948+0000] {processor.py:183} INFO - Processing /opt/airflow/dags/mandera_pipeline.py took 0.436 seconds
[2026-06-16T15:17:44.217+0000] {processor.py:161} INFO - Started process (PID=367) to work on /opt/airflow/dags/mandera_pipeline.py
[2026-06-16T15:17:44.219+0000] {processor.py:830} INFO - Processing file /opt/airflow/dags/mandera_pipeline.py for tasks to queue
[2026-06-16T15:17:44.225+0000] {logging_mixin.py:188} INFO - [2026-06-16T15:17:44.224+0000] {dagbag.py:540} INFO - Filling up the DagBag from /opt/airflow/dags/mandera_pipeline.py
[2026-06-16T15:17:44.555+0000] {processor.py:840} INFO - DAG(s) 'mandera_batch_pipeline' retrieved from /opt/airflow/dags/mandera_pipeline.py
[2026-06-16T15:17:44.594+0000] {logging_mixin.py:188} INFO - [2026-06-16T15:17:44.593+0000] {dag.py:3096} INFO - Sync 1 DAGs
[2026-06-16T15:17:44.625+0000] {logging_mixin.py:188} INFO - [2026-06-16T15:17:44.625+0000] {dag.py:3954} INFO - Setting next_dagrun for mandera_batch_pipeline to 2026-06-16 06:00:00+00:00, run_after=2026-06-17 06:00:00+00:00
[2026-06-16T15:17:44.857+0000] {processor.py:183} INFO - Processing /opt/airflow/dags/mandera_pipeline.py took 0.663 seconds
[2026-06-16T15:18:14.991+0000] {processor.py:161} INFO - Started process (PID=372) to work on /opt/airflow/dags/mandera_pipeline.py
[2026-06-16T15:18:14.993+0000] {processor.py:830} INFO - Processing file /opt/airflow/dags/mandera_pipeline.py for tasks to queue
[2026-06-16T15:18:14.999+0000] {logging_mixin.py:188} INFO - [2026-06-16T15:18:14.998+0000] {dagbag.py:540} INFO - Filling up the DagBag from /opt/airflow/dags/mandera_pipeline.py
[2026-06-16T15:18:15.301+0000] {processor.py:840} INFO - DAG(s) 'mandera_batch_pipeline' retrieved from /opt/airflow/dags/mandera_pipeline.py
[2026-06-16T15:18:15.335+0000] {logging_mixin.py:188} INFO - [2026-06-16T15:18:15.335+0000] {dag.py:3096} INFO - Sync 1 DAGs
[2026-06-16T15:18:15.387+0000] {logging_mixin.py:188} INFO - [2026-06-16T15:18:15.386+0000] {dag.py:3954} INFO - Setting next_dagrun for mandera_batch_pipeline to 2026-06-16 06:00:00+00:00, run_after=2026-06-17 06:00:00+00:00
[2026-06-16T15:18:15.439+0000] {processor.py:183} INFO - Processing /opt/airflow/dags/mandera_pipeline.py took 0.474 seconds
[2026-06-16T15:18:45.690+0000] {processor.py:161} INFO - Started process (PID=377) to work on /opt/airflow/dags/mandera_pipeline.py
[2026-06-16T15:18:45.693+0000] {processor.py:830} INFO - Processing file /opt/airflow/dags/mandera_pipeline.py for tasks to queue
[2026-06-16T15:18:45.698+0000] {logging_mixin.py:188} INFO - [2026-06-16T15:18:45.697+0000] {dagbag.py:540} INFO - Filling up the DagBag from /opt/airflow/dags/mandera_pipeline.py
[2026-06-16T15:18:46.028+0000] {processor.py:840} INFO - DAG(s) 'mandera_batch_pipeline' retrieved from /opt/airflow/dags/mandera_pipeline.py
[2026-06-16T15:18:46.065+0000] {logging_mixin.py:188} INFO - [2026-06-16T15:18:46.065+0000] {dag.py:3096} INFO - Sync 1 DAGs
[2026-06-16T15:18:46.105+0000] {logging_mixin.py:188} INFO - [2026-06-16T15:18:46.104+0000] {dag.py:3954} INFO - Setting next_dagrun for mandera_batch_pipeline to 2026-06-16 06:00:00+00:00, run_after=2026-06-17 06:00:00+00:00
[2026-06-16T15:18:46.150+0000] {processor.py:183} INFO - Processing /opt/airflow/dags/mandera_pipeline.py took 0.484 seconds
[2026-06-16T15:19:16.428+0000] {processor.py:161} INFO - Started process (PID=382) to work on /opt/airflow/dags/mandera_pipeline.py
[2026-06-16T15:19:16.430+0000] {processor.py:830} INFO - Processing file /opt/airflow/dags/mandera_pipeline.py for tasks to queue
[2026-06-16T15:19:16.435+0000] {logging_mixin.py:188} INFO - [2026-06-16T15:19:16.434+0000] {dagbag.py:540} INFO - Filling up the DagBag from /opt/airflow/dags/mandera_pipeline.py
[2026-06-16T15:19:16.755+0000] {processor.py:840} INFO - DAG(s) 'mandera_batch_pipeline' retrieved from /opt/airflow/dags/mandera_pipeline.py
[2026-06-16T15:19:16.794+0000] {logging_mixin.py:188} INFO - [2026-06-16T15:19:16.793+0000] {dag.py:3096} INFO - Sync 1 DAGs
[2026-06-16T15:19:16.842+0000] {logging_mixin.py:188} INFO - [2026-06-16T15:19:16.842+0000] {dag.py:3954} INFO - Setting next_dagrun for mandera_batch_pipeline to 2026-06-16 06:00:00+00:00, run_after=2026-06-17 06:00:00+00:00
[2026-06-16T15:19:16.886+0000] {processor.py:183} INFO - Processing /opt/airflow/dags/mandera_pipeline.py took 0.481 seconds
[2026-06-16T15:19:47.122+0000] {processor.py:161} INFO - Started process (PID=387) to work on /opt/airflow/dags/mandera_pipeline.py
[2026-06-16T15:19:47.125+0000] {processor.py:830} INFO - Processing file /opt/airflow/dags/mandera_pipeline.py for tasks to queue
[2026-06-16T15:19:47.130+0000] {logging_mixin.py:188} INFO - [2026-06-16T15:19:47.129+0000] {dagbag.py:540} INFO - Filling up the DagBag from /opt/airflow/dags/mandera_pipeline.py
[2026-06-16T15:19:47.446+0000] {processor.py:840} INFO - DAG(s) 'mandera_batch_pipeline' retrieved from /opt/airflow/dags/mandera_pipeline.py
[2026-06-16T15:19:47.481+0000] {logging_mixin.py:188} INFO - [2026-06-16T15:19:47.480+0000] {dag.py:3096} INFO - Sync 1 DAGs
[2026-06-16T15:19:47.513+0000] {logging_mixin.py:188} INFO - [2026-06-16T15:19:47.513+0000] {dag.py:3954} INFO - Setting next_dagrun for mandera_batch_pipeline to 2026-06-16 06:00:00+00:00, run_after=2026-06-17 06:00:00+00:00
[2026-06-16T15:19:47.550+0000] {processor.py:183} INFO - Processing /opt/airflow/dags/mandera_pipeline.py took 0.448 seconds
[2026-06-16T15:20:17.827+0000] {processor.py:161} INFO - Started process (PID=392) to work on /opt/airflow/dags/mandera_pipeline.py
[2026-06-16T15:20:17.830+0000] {processor.py:830} INFO - Processing file /opt/airflow/dags/mandera_pipeline.py for tasks to queue
[2026-06-16T15:20:17.835+0000] {logging_mixin.py:188} INFO - [2026-06-16T15:20:17.834+0000] {dagbag.py:540} INFO - Filling up the DagBag from /opt/airflow/dags/mandera_pipeline.py
[2026-06-16T15:20:18.133+0000] {processor.py:840} INFO - DAG(s) 'mandera_batch_pipeline' retrieved from /opt/airflow/dags/mandera_pipeline.py
[2026-06-16T15:20:18.172+0000] {logging_mixin.py:188} INFO - [2026-06-16T15:20:18.171+0000] {dag.py:3096} INFO - Sync 1 DAGs
[2026-06-16T15:20:18.202+0000] {logging_mixin.py:188} INFO - [2026-06-16T15:20:18.202+0000] {dag.py:3954} INFO - Setting next_dagrun for mandera_batch_pipeline to 2026-06-16 06:00:00+00:00, run_after=2026-06-17 06:00:00+00:00
[2026-06-16T15:20:18.231+0000] {processor.py:183} INFO - Processing /opt/airflow/dags/mandera_pipeline.py took 0.431 seconds
